C:\Users\micha\Source\Repos\collections\src\Exceptions.js
C:\Users\micha\Source\Repos\collections\src\Exceptions.js.map
C:\Users\micha\Source\Repos\collections\src\Collection.js
C:\Users\micha\Source\Repos\collections\src\Collection.js.map
C:\Users\micha\Source\Repos\collections\tests\Collection.spec.js
C:\Users\micha\Source\Repos\collections\tests\Collection.spec.js.map
C:\Users\micha\Source\Repos\collections\src\Enumerator.js
C:\Users\micha\Source\Repos\collections\src\Enumerator.js.map
C:\Users\micha\Source\Repos\collections\src\Utilities.js
C:\Users\micha\Source\Repos\collections\src\Utilities.js.map
C:\Users\micha\Source\Repos\collections\src\List.js
C:\Users\micha\Source\Repos\collections\src\List.js.map
C:\Users\micha\Source\Repos\collections\src\Queryable.js
C:\Users\micha\Source\Repos\collections\src\Queryable.js.map
C:\Users\micha\Source\Repos\collections\src\index.js
C:\Users\micha\Source\Repos\collections\src\index.js.map
C:\Users\micha\Source\Repos\collections\src\Exceptions.js
C:\Users\micha\Source\Repos\collections\src\Exceptions.js.map
C:\Users\micha\Source\Repos\collections\src\Collection.js
C:\Users\micha\Source\Repos\collections\src\Collection.js.map
C:\Users\micha\Source\Repos\collections\src\Enumerator.js
C:\Users\micha\Source\Repos\collections\src\Enumerator.js.map
C:\Users\micha\Source\Repos\collections\src\Utilities.js
C:\Users\micha\Source\Repos\collections\src\Utilities.js.map
C:\Users\micha\Source\Repos\collections\src\List.js
C:\Users\micha\Source\Repos\collections\src\List.js.map
C:\Users\micha\Source\Repos\collections\src\Queryable.js
C:\Users\micha\Source\Repos\collections\src\Queryable.js.map
C:\Users\micha\Source\Repos\collections\src\index.js
C:\Users\micha\Source\Repos\collections\src\index.js.map
C:\Users\micha\Source\Repos\collections\src\Exceptions.js
C:\Users\micha\Source\Repos\collections\src\Exceptions.js.map
C:\Users\micha\Source\Repos\collections\src\Collection.js
C:\Users\micha\Source\Repos\collections\src\Collection.js.map
C:\Users\micha\Source\Repos\collections\src\Enumerator.js
C:\Users\micha\Source\Repos\collections\src\Enumerator.js.map
C:\Users\micha\Source\Repos\collections\src\Utilities.js
C:\Users\micha\Source\Repos\collections\src\Utilities.js.map
C:\Users\micha\Source\Repos\collections\src\List.js
C:\Users\micha\Source\Repos\collections\src\List.js.map
C:\Users\micha\Source\Repos\collections\src\Queryable.js
C:\Users\micha\Source\Repos\collections\src\Queryable.js.map
C:\Users\micha\Source\Repos\collections\src\index.js
C:\Users\micha\Source\Repos\collections\src\index.js.map
C:\Users\micha\Source\Repos\collections\src\Exceptions.js
C:\Users\micha\Source\Repos\collections\src\Exceptions.js.map
C:\Users\micha\Source\Repos\collections\src\Collection.js
C:\Users\micha\Source\Repos\collections\src\Collection.js.map
C:\Users\micha\Source\Repos\collections\src\Enumerator.js
C:\Users\micha\Source\Repos\collections\src\Enumerator.js.map
C:\Users\micha\Source\Repos\collections\src\Utilities.js
C:\Users\micha\Source\Repos\collections\src\Utilities.js.map
C:\Users\micha\Source\Repos\collections\src\List.js
C:\Users\micha\Source\Repos\collections\src\List.js.map
C:\Users\micha\Source\Repos\collections\src\Queryable.js
C:\Users\micha\Source\Repos\collections\src\Queryable.js.map
C:\Users\micha\Source\Repos\collections\src\index.js
C:\Users\micha\Source\Repos\collections\src\index.js.map
C:\Users\micha\Source\Repos\collections\src\Exceptions.js
C:\Users\micha\Source\Repos\collections\src\Exceptions.js.map
C:\Users\micha\Source\Repos\collections\src\Collection.js
C:\Users\micha\Source\Repos\collections\src\Collection.js.map
C:\Users\micha\Source\Repos\collections\src\Enumerator.js
C:\Users\micha\Source\Repos\collections\src\Enumerator.js.map
C:\Users\micha\Source\Repos\collections\src\Utilities.js
C:\Users\micha\Source\Repos\collections\src\Utilities.js.map
C:\Users\micha\Source\Repos\collections\src\List.js
C:\Users\micha\Source\Repos\collections\src\List.js.map
C:\Users\micha\Source\Repos\collections\src\Queryable.js
C:\Users\micha\Source\Repos\collections\src\Queryable.js.map
C:\Users\micha\Source\Repos\collections\src\index.js
C:\Users\micha\Source\Repos\collections\src\index.js.map
C:\Users\micha\Source\Repos\collections\src\Exceptions.js
C:\Users\micha\Source\Repos\collections\src\Collection.js
C:\Users\micha\Source\Repos\collections\tests\Collection.js
C:\Users\micha\Source\Repos\collections\src\Enumerator.js
C:\Users\micha\Source\Repos\collections\tests\Enumerator.js
C:\Users\micha\Source\Repos\collections\src\Utilities.js
C:\Users\micha\Source\Repos\collections\src\List.js
C:\Users\micha\Source\Repos\collections\tests\List.js
C:\Users\micha\Source\Repos\collections\src\Queryable.js
C:\Users\micha\Source\Repos\collections\tests\Queryable.js
C:\Users\micha\Source\Repos\collections\src\Exceptions.js
C:\Users\micha\Source\Repos\collections\src\Collection.js
C:\Users\micha\Source\Repos\collections\tests\Collection.js
C:\Users\micha\Source\Repos\collections\src\Enumerator.js
C:\Users\micha\Source\Repos\collections\tests\Enumerator.js
C:\Users\micha\Source\Repos\collections\src\Utilities.js
C:\Users\micha\Source\Repos\collections\src\List.js
C:\Users\micha\Source\Repos\collections\tests\List.js
C:\Users\micha\Source\Repos\collections\src\Queryable.js
C:\Users\micha\Source\Repos\collections\tests\Queryable.js
C:\Users\micha\Source\Repos\collections\src\Exceptions.js
C:\Users\micha\Source\Repos\collections\src\Exceptions.js.map
C:\Users\micha\Source\Repos\collections\src\Collection.js
C:\Users\micha\Source\Repos\collections\src\Collection.js.map
C:\Users\micha\Source\Repos\collections\tests\Collection.js
C:\Users\micha\Source\Repos\collections\tests\Collection.js.map
C:\Users\micha\Source\Repos\collections\src\Enumerator.js
C:\Users\micha\Source\Repos\collections\src\Enumerator.js.map
C:\Users\micha\Source\Repos\collections\tests\Enumerator.js
C:\Users\micha\Source\Repos\collections\tests\Enumerator.js.map
C:\Users\micha\Source\Repos\collections\src\Utilities.js
C:\Users\micha\Source\Repos\collections\src\Utilities.js.map
C:\Users\micha\Source\Repos\collections\src\List.js
C:\Users\micha\Source\Repos\collections\src\List.js.map
C:\Users\micha\Source\Repos\collections\tests\List.js
C:\Users\micha\Source\Repos\collections\tests\List.js.map
C:\Users\micha\Source\Repos\collections\src\Queryable.js
C:\Users\micha\Source\Repos\collections\src\Queryable.js.map
C:\Users\micha\Source\Repos\collections\tests\Queryable.js
C:\Users\micha\Source\Repos\collections\tests\Queryable.js.map
C:\Users\micha\Source\Repos\collections\src\index.js
C:\Users\micha\Source\Repos\collections\src\index.js.map
C:\Users\micha\Source\Repos\collections\src\Exceptions.js
C:\Users\micha\Source\Repos\collections\src\Exceptions.js.map
C:\Users\micha\Source\Repos\collections\src\Collection.js
C:\Users\micha\Source\Repos\collections\src\Collection.js.map
C:\Users\micha\Source\Repos\collections\tests\Collection.js
C:\Users\micha\Source\Repos\collections\tests\Collection.js.map
C:\Users\micha\Source\Repos\collections\src\Enumerator.js
C:\Users\micha\Source\Repos\collections\src\Enumerator.js.map
C:\Users\micha\Source\Repos\collections\tests\Enumerator.js
C:\Users\micha\Source\Repos\collections\tests\Enumerator.js.map
C:\Users\micha\Source\Repos\collections\src\Utilities.js
C:\Users\micha\Source\Repos\collections\src\Utilities.js.map
C:\Users\micha\Source\Repos\collections\src\List.js
C:\Users\micha\Source\Repos\collections\src\List.js.map
C:\Users\micha\Source\Repos\collections\tests\List.js
C:\Users\micha\Source\Repos\collections\tests\List.js.map
C:\Users\micha\Source\Repos\collections\src\Queryable.js
C:\Users\micha\Source\Repos\collections\src\Queryable.js.map
C:\Users\micha\Source\Repos\collections\tests\Queryable.js
C:\Users\micha\Source\Repos\collections\tests\Queryable.js.map
C:\Users\micha\Source\Repos\collections\src\index.js
C:\Users\micha\Source\Repos\collections\src\index.js.map
C:\Users\micha\Source\Repos\collections\src\Exceptions.js
C:\Users\micha\Source\Repos\collections\src\Exceptions.js.map
C:\Users\micha\Source\Repos\collections\src\Collection.js
C:\Users\micha\Source\Repos\collections\src\Collection.js.map
C:\Users\micha\Source\Repos\collections\tests\Collection.js
C:\Users\micha\Source\Repos\collections\tests\Collection.js.map
C:\Users\micha\Source\Repos\collections\src\Enumerator.js
C:\Users\micha\Source\Repos\collections\src\Enumerator.js.map
C:\Users\micha\Source\Repos\collections\tests\Enumerator.js
C:\Users\micha\Source\Repos\collections\tests\Enumerator.js.map
C:\Users\micha\Source\Repos\collections\src\Utilities.js
C:\Users\micha\Source\Repos\collections\src\Utilities.js.map
C:\Users\micha\Source\Repos\collections\src\List.js
C:\Users\micha\Source\Repos\collections\src\List.js.map
C:\Users\micha\Source\Repos\collections\tests\List.js
C:\Users\micha\Source\Repos\collections\tests\List.js.map
C:\Users\micha\Source\Repos\collections\src\Queryable.js
C:\Users\micha\Source\Repos\collections\src\Queryable.js.map
C:\Users\micha\Source\Repos\collections\tests\Queryable.js
C:\Users\micha\Source\Repos\collections\tests\Queryable.js.map
C:\Users\micha\Source\Repos\collections\src\index.js
C:\Users\micha\Source\Repos\collections\src\index.js.map
C:\Users\micha\Source\Repos\collections\src\Exceptions.js
C:\Users\micha\Source\Repos\collections\src\Exceptions.js.map
C:\Users\micha\Source\Repos\collections\src\Collection.js
C:\Users\micha\Source\Repos\collections\src\Collection.js.map
C:\Users\micha\Source\Repos\collections\tests\Collection.js
C:\Users\micha\Source\Repos\collections\tests\Collection.js.map
C:\Users\micha\Source\Repos\collections\src\Enumerator.js
C:\Users\micha\Source\Repos\collections\src\Enumerator.js.map
C:\Users\micha\Source\Repos\collections\tests\Enumerator.js
C:\Users\micha\Source\Repos\collections\tests\Enumerator.js.map
C:\Users\micha\Source\Repos\collections\src\Utilities.js
C:\Users\micha\Source\Repos\collections\src\Utilities.js.map
C:\Users\micha\Source\Repos\collections\src\List.js
C:\Users\micha\Source\Repos\collections\src\List.js.map
C:\Users\micha\Source\Repos\collections\tests\List.js
C:\Users\micha\Source\Repos\collections\tests\List.js.map
C:\Users\micha\Source\Repos\collections\src\Queryable.js
C:\Users\micha\Source\Repos\collections\src\Queryable.js.map
C:\Users\micha\Source\Repos\collections\tests\Queryable.js
C:\Users\micha\Source\Repos\collections\tests\Queryable.js.map
C:\Users\micha\Source\Repos\collections\src\index.js
C:\Users\micha\Source\Repos\collections\src\index.js.map
C:\Users\micha\Source\Repos\collections\src\Exceptions.js
C:\Users\micha\Source\Repos\collections\src\Exceptions.js.map
C:\Users\micha\Source\Repos\collections\src\Collection.js
C:\Users\micha\Source\Repos\collections\src\Collection.js.map
C:\Users\micha\Source\Repos\collections\tests\Collection.js
C:\Users\micha\Source\Repos\collections\tests\Collection.js.map
C:\Users\micha\Source\Repos\collections\src\Enumerator.js
C:\Users\micha\Source\Repos\collections\src\Enumerator.js.map
C:\Users\micha\Source\Repos\collections\tests\Enumerator.js
C:\Users\micha\Source\Repos\collections\tests\Enumerator.js.map
C:\Users\micha\Source\Repos\collections\src\Utilities.js
C:\Users\micha\Source\Repos\collections\src\Utilities.js.map
C:\Users\micha\Source\Repos\collections\src\List.js
C:\Users\micha\Source\Repos\collections\src\List.js.map
C:\Users\micha\Source\Repos\collections\tests\List.js
C:\Users\micha\Source\Repos\collections\tests\List.js.map
C:\Users\micha\Source\Repos\collections\src\Queryable.js
C:\Users\micha\Source\Repos\collections\src\Queryable.js.map
C:\Users\micha\Source\Repos\collections\tests\Queryable.js
C:\Users\micha\Source\Repos\collections\tests\Queryable.js.map
C:\Users\micha\Source\Repos\collections\src\index.js
C:\Users\micha\Source\Repos\collections\src\index.js.map
C:\Users\micha\Source\Repos\collections\src\Exceptions.js
C:\Users\micha\Source\Repos\collections\src\Exceptions.js.map
C:\Users\micha\Source\Repos\collections\src\Collection.js
C:\Users\micha\Source\Repos\collections\src\Collection.js.map
C:\Users\micha\Source\Repos\collections\tests\Collection.js
C:\Users\micha\Source\Repos\collections\tests\Collection.js.map
C:\Users\micha\Source\Repos\collections\src\Enumerator.js
C:\Users\micha\Source\Repos\collections\src\Enumerator.js.map
C:\Users\micha\Source\Repos\collections\tests\Enumerator.js
C:\Users\micha\Source\Repos\collections\tests\Enumerator.js.map
C:\Users\micha\Source\Repos\collections\src\Utilities.js
C:\Users\micha\Source\Repos\collections\src\Utilities.js.map
C:\Users\micha\Source\Repos\collections\src\List.js
C:\Users\micha\Source\Repos\collections\src\List.js.map
C:\Users\micha\Source\Repos\collections\tests\List.js
C:\Users\micha\Source\Repos\collections\tests\List.js.map
C:\Users\micha\Source\Repos\collections\src\Queryable.js
C:\Users\micha\Source\Repos\collections\src\Queryable.js.map
C:\Users\micha\Source\Repos\collections\tests\Queryable.js
C:\Users\micha\Source\Repos\collections\tests\Queryable.js.map
C:\Users\micha\Source\Repos\collections\src\index.js
C:\Users\micha\Source\Repos\collections\src\index.js.map
C:\Users\micha\Source\Repos\collections\src\Exceptions.js
C:\Users\micha\Source\Repos\collections\src\Exceptions.js.map
C:\Users\micha\Source\Repos\collections\src\Collection.js
C:\Users\micha\Source\Repos\collections\src\Collection.js.map
C:\Users\micha\Source\Repos\collections\tests\Collection.js
C:\Users\micha\Source\Repos\collections\tests\Collection.js.map
C:\Users\micha\Source\Repos\collections\src\Enumerator.js
C:\Users\micha\Source\Repos\collections\src\Enumerator.js.map
C:\Users\micha\Source\Repos\collections\tests\Enumerator.js
C:\Users\micha\Source\Repos\collections\tests\Enumerator.js.map
C:\Users\micha\Source\Repos\collections\src\Utilities.js
C:\Users\micha\Source\Repos\collections\src\Utilities.js.map
C:\Users\micha\Source\Repos\collections\src\List.js
C:\Users\micha\Source\Repos\collections\src\List.js.map
C:\Users\micha\Source\Repos\collections\tests\List.js
C:\Users\micha\Source\Repos\collections\tests\List.js.map
C:\Users\micha\Source\Repos\collections\src\Queryable.js
C:\Users\micha\Source\Repos\collections\src\Queryable.js.map
C:\Users\micha\Source\Repos\collections\tests\Queryable.js
C:\Users\micha\Source\Repos\collections\tests\Queryable.js.map
C:\Users\micha\Source\Repos\collections\src\index.js
C:\Users\micha\Source\Repos\collections\src\index.js.map
C:\Users\micha\Source\Repos\collections\src\Exceptions.js
C:\Users\micha\Source\Repos\collections\src\Exceptions.js.map
C:\Users\micha\Source\Repos\collections\src\Collection.js
C:\Users\micha\Source\Repos\collections\src\Collection.js.map
C:\Users\micha\Source\Repos\collections\tests\Collection.js
C:\Users\micha\Source\Repos\collections\tests\Collection.js.map
C:\Users\micha\Source\Repos\collections\src\Enumerator.js
C:\Users\micha\Source\Repos\collections\src\Enumerator.js.map
C:\Users\micha\Source\Repos\collections\tests\Enumerator.js
C:\Users\micha\Source\Repos\collections\tests\Enumerator.js.map
C:\Users\micha\Source\Repos\collections\src\Utilities.js
C:\Users\micha\Source\Repos\collections\src\Utilities.js.map
C:\Users\micha\Source\Repos\collections\src\List.js
C:\Users\micha\Source\Repos\collections\src\List.js.map
C:\Users\micha\Source\Repos\collections\tests\List.js
C:\Users\micha\Source\Repos\collections\tests\List.js.map
C:\Users\micha\Source\Repos\collections\src\Queryable.js
C:\Users\micha\Source\Repos\collections\src\Queryable.js.map
C:\Users\micha\Source\Repos\collections\tests\Queryable.js
C:\Users\micha\Source\Repos\collections\tests\Queryable.js.map
C:\Users\micha\Source\Repos\collections\src\index.js
C:\Users\micha\Source\Repos\collections\src\index.js.map
C:\Users\micha\Source\Repos\collections\src\Exceptions.js
C:\Users\micha\Source\Repos\collections\src\Exceptions.js.map
C:\Users\micha\Source\Repos\collections\src\Collection.js
C:\Users\micha\Source\Repos\collections\src\Collection.js.map
C:\Users\micha\Source\Repos\collections\tests\Collection.js
C:\Users\micha\Source\Repos\collections\tests\Collection.js.map
C:\Users\micha\Source\Repos\collections\src\Enumerator.js
C:\Users\micha\Source\Repos\collections\src\Enumerator.js.map
C:\Users\micha\Source\Repos\collections\tests\Enumerator.js
C:\Users\micha\Source\Repos\collections\tests\Enumerator.js.map
C:\Users\micha\Source\Repos\collections\src\Utilities.js
C:\Users\micha\Source\Repos\collections\src\Utilities.js.map
C:\Users\micha\Source\Repos\collections\src\List.js
C:\Users\micha\Source\Repos\collections\src\List.js.map
C:\Users\micha\Source\Repos\collections\tests\List.js
C:\Users\micha\Source\Repos\collections\tests\List.js.map
C:\Users\micha\Source\Repos\collections\src\Queryable.js
C:\Users\micha\Source\Repos\collections\src\Queryable.js.map
C:\Users\micha\Source\Repos\collections\tests\Queryable.js
C:\Users\micha\Source\Repos\collections\tests\Queryable.js.map
C:\Users\micha\Source\Repos\collections\src\index.js
C:\Users\micha\Source\Repos\collections\src\index.js.map
C:\Users\micha\Source\Repos\collections\src\Exceptions.js
C:\Users\micha\Source\Repos\collections\src\Exceptions.js.map
C:\Users\micha\Source\Repos\collections\src\Collection.js
C:\Users\micha\Source\Repos\collections\src\Collection.js.map
C:\Users\micha\Source\Repos\collections\tests\Collection.spec.js
C:\Users\micha\Source\Repos\collections\tests\Collection.spec.js.map
C:\Users\micha\Source\Repos\collections\src\Enumerator.js
C:\Users\micha\Source\Repos\collections\src\Enumerator.js.map
C:\Users\micha\Source\Repos\collections\tests\Enumerator.spec.js
C:\Users\micha\Source\Repos\collections\tests\Enumerator.spec.js.map
C:\Users\micha\Source\Repos\collections\src\Utilities.js
C:\Users\micha\Source\Repos\collections\src\Utilities.js.map
C:\Users\micha\Source\Repos\collections\src\List.js
C:\Users\micha\Source\Repos\collections\src\List.js.map
C:\Users\micha\Source\Repos\collections\tests\List.spec.js
C:\Users\micha\Source\Repos\collections\tests\List.spec.js.map
C:\Users\micha\Source\Repos\collections\src\Queryable.js
C:\Users\micha\Source\Repos\collections\src\Queryable.js.map
C:\Users\micha\Source\Repos\collections\tests\Queryable.spec.js
C:\Users\micha\Source\Repos\collections\tests\Queryable.spec.js.map
C:\Users\micha\Source\Repos\collections\src\index.js
C:\Users\micha\Source\Repos\collections\src\index.js.map
C:\Users\micha\Source\Repos\collections\src\Exceptions.js
C:\Users\micha\Source\Repos\collections\src\Exceptions.js.map
C:\Users\micha\Source\Repos\collections\src\Collection.js
C:\Users\micha\Source\Repos\collections\src\Collection.js.map
C:\Users\micha\Source\Repos\collections\tests\Collection.spec.js
C:\Users\micha\Source\Repos\collections\tests\Collection.spec.js.map
C:\Users\micha\Source\Repos\collections\src\Enumerator.js
C:\Users\micha\Source\Repos\collections\src\Enumerator.js.map
C:\Users\micha\Source\Repos\collections\tests\Enumerator.spec.js
C:\Users\micha\Source\Repos\collections\tests\Enumerator.spec.js.map
C:\Users\micha\Source\Repos\collections\src\Utilities.js
C:\Users\micha\Source\Repos\collections\src\Utilities.js.map
C:\Users\micha\Source\Repos\collections\src\List.js
C:\Users\micha\Source\Repos\collections\src\List.js.map
C:\Users\micha\Source\Repos\collections\tests\List.spec.js
C:\Users\micha\Source\Repos\collections\tests\List.spec.js.map
C:\Users\micha\Source\Repos\collections\src\Queryable.js
C:\Users\micha\Source\Repos\collections\src\Queryable.js.map
C:\Users\micha\Source\Repos\collections\tests\Queryable.spec.js
C:\Users\micha\Source\Repos\collections\tests\Queryable.spec.js.map
C:\Users\micha\Source\Repos\collections\src\index.js
C:\Users\micha\Source\Repos\collections\src\index.js.map
C:\Users\micha\Source\Repos\collections\src\Exceptions.js
C:\Users\micha\Source\Repos\collections\src\Exceptions.js.map
C:\Users\micha\Source\Repos\collections\src\Collection.js
C:\Users\micha\Source\Repos\collections\src\Collection.js.map
C:\Users\micha\Source\Repos\collections\tests\Collection.spec.js
C:\Users\micha\Source\Repos\collections\tests\Collection.spec.js.map
C:\Users\micha\Source\Repos\collections\src\Enumerator.js
C:\Users\micha\Source\Repos\collections\src\Enumerator.js.map
C:\Users\micha\Source\Repos\collections\tests\Enumerator.spec.js
C:\Users\micha\Source\Repos\collections\tests\Enumerator.spec.js.map
C:\Users\micha\Source\Repos\collections\src\Utilities.js
C:\Users\micha\Source\Repos\collections\src\Utilities.js.map
C:\Users\micha\Source\Repos\collections\src\List.js
C:\Users\micha\Source\Repos\collections\src\List.js.map
C:\Users\micha\Source\Repos\collections\tests\List.spec.js
C:\Users\micha\Source\Repos\collections\tests\List.spec.js.map
C:\Users\micha\Source\Repos\collections\src\Queryable.js
C:\Users\micha\Source\Repos\collections\src\Queryable.js.map
C:\Users\micha\Source\Repos\collections\tests\Queryable.spec.js
C:\Users\micha\Source\Repos\collections\tests\Queryable.spec.js.map
C:\Users\micha\Source\Repos\collections\src\index.js
C:\Users\micha\Source\Repos\collections\src\index.js.map
C:\Users\micha\Source\Repos\collections\src\Exceptions.js
C:\Users\micha\Source\Repos\collections\src\Exceptions.js.map
C:\Users\micha\Source\Repos\collections\src\Collection.js
C:\Users\micha\Source\Repos\collections\src\Collection.js.map
C:\Users\micha\Source\Repos\collections\tests\Collection.spec.js
C:\Users\micha\Source\Repos\collections\tests\Collection.spec.js.map
C:\Users\micha\Source\Repos\collections\src\Enumerator.js
C:\Users\micha\Source\Repos\collections\src\Enumerator.js.map
C:\Users\micha\Source\Repos\collections\tests\Enumerator.spec.js
C:\Users\micha\Source\Repos\collections\tests\Enumerator.spec.js.map
C:\Users\micha\Source\Repos\collections\src\Utilities.js
C:\Users\micha\Source\Repos\collections\src\Utilities.js.map
C:\Users\micha\Source\Repos\collections\src\List.js
C:\Users\micha\Source\Repos\collections\src\List.js.map
C:\Users\micha\Source\Repos\collections\tests\List.spec.js
C:\Users\micha\Source\Repos\collections\tests\List.spec.js.map
C:\Users\micha\Source\Repos\collections\src\Queryable.js
C:\Users\micha\Source\Repos\collections\src\Queryable.js.map
C:\Users\micha\Source\Repos\collections\tests\Queryable.spec.js
C:\Users\micha\Source\Repos\collections\tests\Queryable.spec.js.map
C:\Users\micha\Source\Repos\collections\src\index.js
C:\Users\micha\Source\Repos\collections\src\index.js.map
C:\Users\micha\Source\Repos\collections\src\Exceptions.js
C:\Users\micha\Source\Repos\collections\src\Exceptions.js.map
C:\Users\micha\Source\Repos\collections\src\Collection.js
C:\Users\micha\Source\Repos\collections\src\Collection.js.map
C:\Users\micha\Source\Repos\collections\tests\Collection.spec.js
C:\Users\micha\Source\Repos\collections\tests\Collection.spec.js.map
C:\Users\micha\Source\Repos\collections\src\Enumerator.js
C:\Users\micha\Source\Repos\collections\src\Enumerator.js.map
C:\Users\micha\Source\Repos\collections\tests\Enumerator.spec.js
C:\Users\micha\Source\Repos\collections\tests\Enumerator.spec.js.map
C:\Users\micha\Source\Repos\collections\src\Utilities.js
C:\Users\micha\Source\Repos\collections\src\Utilities.js.map
C:\Users\micha\Source\Repos\collections\src\Comparer.js
C:\Users\micha\Source\Repos\collections\src\Comparer.js.map
C:\Users\micha\Source\Repos\collections\src\List.js
C:\Users\micha\Source\Repos\collections\src\List.js.map
C:\Users\micha\Source\Repos\collections\tests\List.spec.js
C:\Users\micha\Source\Repos\collections\tests\List.spec.js.map
C:\Users\micha\Source\Repos\collections\src\Queryable.js
C:\Users\micha\Source\Repos\collections\src\Queryable.js.map
C:\Users\micha\Source\Repos\collections\tests\Queryable.spec.js
C:\Users\micha\Source\Repos\collections\tests\Queryable.spec.js.map
C:\Users\micha\Source\Repos\collections\src\index.js
C:\Users\micha\Source\Repos\collections\src\index.js.map
C:\Users\micha\Source\Repos\collections\src\Exceptions.js
C:\Users\micha\Source\Repos\collections\src\Exceptions.js.map
C:\Users\micha\Source\Repos\collections\src\Collection.js
C:\Users\micha\Source\Repos\collections\src\Collection.js.map
C:\Users\micha\Source\Repos\collections\tests\Collection.spec.js
C:\Users\micha\Source\Repos\collections\tests\Collection.spec.js.map
C:\Users\micha\Source\Repos\collections\src\Enumerator.js
C:\Users\micha\Source\Repos\collections\src\Enumerator.js.map
C:\Users\micha\Source\Repos\collections\tests\Enumerator.spec.js
C:\Users\micha\Source\Repos\collections\tests\Enumerator.spec.js.map
C:\Users\micha\Source\Repos\collections\src\Utilities.js
C:\Users\micha\Source\Repos\collections\src\Utilities.js.map
C:\Users\micha\Source\Repos\collections\src\Comparer.js
C:\Users\micha\Source\Repos\collections\src\Comparer.js.map
C:\Users\micha\Source\Repos\collections\src\List.js
C:\Users\micha\Source\Repos\collections\src\List.js.map
C:\Users\micha\Source\Repos\collections\tests\List.spec.js
C:\Users\micha\Source\Repos\collections\tests\List.spec.js.map
C:\Users\micha\Source\Repos\collections\src\Queryable.js
C:\Users\micha\Source\Repos\collections\src\Queryable.js.map
C:\Users\micha\Source\Repos\collections\tests\Queryable.spec.js
C:\Users\micha\Source\Repos\collections\tests\Queryable.spec.js.map
C:\Users\micha\Source\Repos\collections\src\index.js
C:\Users\micha\Source\Repos\collections\src\index.js.map
C:\Users\micha\Source\Repos\collections\src\Exceptions.js
C:\Users\micha\Source\Repos\collections\src\Exceptions.js.map
C:\Users\micha\Source\Repos\collections\src\Collection.js
C:\Users\micha\Source\Repos\collections\src\Collection.js.map
C:\Users\micha\Source\Repos\collections\tests\Collection.spec.js
C:\Users\micha\Source\Repos\collections\tests\Collection.spec.js.map
C:\Users\micha\Source\Repos\collections\src\Enumerator.js
C:\Users\micha\Source\Repos\collections\src\Enumerator.js.map
C:\Users\micha\Source\Repos\collections\tests\Enumerator.spec.js
C:\Users\micha\Source\Repos\collections\tests\Enumerator.spec.js.map
C:\Users\micha\Source\Repos\collections\src\Utilities.js
C:\Users\micha\Source\Repos\collections\src\Utilities.js.map
C:\Users\micha\Source\Repos\collections\src\Comparer.js
C:\Users\micha\Source\Repos\collections\src\Comparer.js.map
C:\Users\micha\Source\Repos\collections\src\List.js
C:\Users\micha\Source\Repos\collections\src\List.js.map
C:\Users\micha\Source\Repos\collections\tests\List.spec.js
C:\Users\micha\Source\Repos\collections\tests\List.spec.js.map
C:\Users\micha\Source\Repos\collections\src\Queryable.js
C:\Users\micha\Source\Repos\collections\src\Queryable.js.map
C:\Users\micha\Source\Repos\collections\tests\Queryable.spec.js
C:\Users\micha\Source\Repos\collections\tests\Queryable.spec.js.map
C:\Users\micha\Source\Repos\collections\src\index.js
C:\Users\micha\Source\Repos\collections\src\index.js.map
C:\Users\micha\Source\Repos\collections\src\Exceptions.js
C:\Users\micha\Source\Repos\collections\src\Exceptions.js.map
C:\Users\micha\Source\Repos\collections\src\Collection.js
C:\Users\micha\Source\Repos\collections\src\Collection.js.map
C:\Users\micha\Source\Repos\collections\tests\Collection.spec.js
C:\Users\micha\Source\Repos\collections\tests\Collection.spec.js.map
C:\Users\micha\Source\Repos\collections\src\Enumerator.js
C:\Users\micha\Source\Repos\collections\src\Enumerator.js.map
C:\Users\micha\Source\Repos\collections\tests\Enumerator.spec.js
C:\Users\micha\Source\Repos\collections\tests\Enumerator.spec.js.map
C:\Users\micha\Source\Repos\collections\src\Utilities.js
C:\Users\micha\Source\Repos\collections\src\Utilities.js.map
C:\Users\micha\Source\Repos\collections\src\Comparer.js
C:\Users\micha\Source\Repos\collections\src\Comparer.js.map
C:\Users\micha\Source\Repos\collections\src\List.js
C:\Users\micha\Source\Repos\collections\src\List.js.map
C:\Users\micha\Source\Repos\collections\tests\List.spec.js
C:\Users\micha\Source\Repos\collections\tests\List.spec.js.map
C:\Users\micha\Source\Repos\collections\src\Queryable.js
C:\Users\micha\Source\Repos\collections\src\Queryable.js.map
C:\Users\micha\Source\Repos\collections\tests\Queryable.spec.js
C:\Users\micha\Source\Repos\collections\tests\Queryable.spec.js.map
C:\Users\micha\Source\Repos\collections\src\index.js
C:\Users\micha\Source\Repos\collections\src\index.js.map
C:\Users\micha\Source\Repos\collections\src\Exceptions.js
C:\Users\micha\Source\Repos\collections\src\Exceptions.js.map
C:\Users\micha\Source\Repos\collections\src\Collection.js
C:\Users\micha\Source\Repos\collections\src\Collection.js.map
C:\Users\micha\Source\Repos\collections\tests\Collection.spec.js
C:\Users\micha\Source\Repos\collections\tests\Collection.spec.js.map
C:\Users\micha\Source\Repos\collections\src\Enumerator.js
C:\Users\micha\Source\Repos\collections\src\Enumerator.js.map
C:\Users\micha\Source\Repos\collections\tests\Enumerator.spec.js
C:\Users\micha\Source\Repos\collections\tests\Enumerator.spec.js.map
C:\Users\micha\Source\Repos\collections\src\Utilities.js
C:\Users\micha\Source\Repos\collections\src\Utilities.js.map
C:\Users\micha\Source\Repos\collections\src\Comparer.js
C:\Users\micha\Source\Repos\collections\src\Comparer.js.map
C:\Users\micha\Source\Repos\collections\src\List.js
C:\Users\micha\Source\Repos\collections\src\List.js.map
C:\Users\micha\Source\Repos\collections\tests\List.spec.js
C:\Users\micha\Source\Repos\collections\tests\List.spec.js.map
C:\Users\micha\Source\Repos\collections\src\Queryable.js
C:\Users\micha\Source\Repos\collections\src\Queryable.js.map
C:\Users\micha\Source\Repos\collections\tests\Queryable.spec.js
C:\Users\micha\Source\Repos\collections\tests\Queryable.spec.js.map
C:\Users\micha\Source\Repos\collections\src\index.js
C:\Users\micha\Source\Repos\collections\src\index.js.map
C:\Users\micha\Source\Repos\collections\src\Exceptions.js
C:\Users\micha\Source\Repos\collections\src\Exceptions.js.map
C:\Users\micha\Source\Repos\collections\src\Collection.js
C:\Users\micha\Source\Repos\collections\src\Collection.js.map
C:\Users\micha\Source\Repos\collections\tests\Collection.spec.js
C:\Users\micha\Source\Repos\collections\tests\Collection.spec.js.map
C:\Users\micha\Source\Repos\collections\src\Enumerator.js
C:\Users\micha\Source\Repos\collections\src\Enumerator.js.map
C:\Users\micha\Source\Repos\collections\tests\Enumerator.spec.js
C:\Users\micha\Source\Repos\collections\tests\Enumerator.spec.js.map
C:\Users\micha\Source\Repos\collections\src\Utilities.js
C:\Users\micha\Source\Repos\collections\src\Utilities.js.map
C:\Users\micha\Source\Repos\collections\src\Comparer.js
C:\Users\micha\Source\Repos\collections\src\Comparer.js.map
C:\Users\micha\Source\Repos\collections\src\List.js
C:\Users\micha\Source\Repos\collections\src\List.js.map
C:\Users\micha\Source\Repos\collections\tests\List.spec.js
C:\Users\micha\Source\Repos\collections\tests\List.spec.js.map
C:\Users\micha\Source\Repos\collections\src\Queryable.js
C:\Users\micha\Source\Repos\collections\src\Queryable.js.map
C:\Users\micha\Source\Repos\collections\tests\Queryable.spec.js
C:\Users\micha\Source\Repos\collections\tests\Queryable.spec.js.map
C:\Users\micha\Source\Repos\collections\src\index.js
C:\Users\micha\Source\Repos\collections\src\index.js.map
C:\Users\micha\Source\Repos\collections\src\Exceptions.js
C:\Users\micha\Source\Repos\collections\src\Exceptions.js.map
C:\Users\micha\Source\Repos\collections\src\Collection.js
C:\Users\micha\Source\Repos\collections\src\Collection.js.map
C:\Users\micha\Source\Repos\collections\tests\Collection.spec.js
C:\Users\micha\Source\Repos\collections\tests\Collection.spec.js.map
C:\Users\micha\Source\Repos\collections\src\Enumerator.js
C:\Users\micha\Source\Repos\collections\src\Enumerator.js.map
C:\Users\micha\Source\Repos\collections\tests\Enumerator.spec.js
C:\Users\micha\Source\Repos\collections\tests\Enumerator.spec.js.map
C:\Users\micha\Source\Repos\collections\src\Utilities.js
C:\Users\micha\Source\Repos\collections\src\Utilities.js.map
C:\Users\micha\Source\Repos\collections\src\Comparer.js
C:\Users\micha\Source\Repos\collections\src\Comparer.js.map
C:\Users\micha\Source\Repos\collections\src\List.js
C:\Users\micha\Source\Repos\collections\src\List.js.map
C:\Users\micha\Source\Repos\collections\tests\List.spec.js
C:\Users\micha\Source\Repos\collections\tests\List.spec.js.map
C:\Users\micha\Source\Repos\collections\src\Queryable.js
C:\Users\micha\Source\Repos\collections\src\Queryable.js.map
C:\Users\micha\Source\Repos\collections\tests\Queryable.spec.js
C:\Users\micha\Source\Repos\collections\tests\Queryable.spec.js.map
C:\Users\micha\Source\Repos\collections\src\index.js
C:\Users\micha\Source\Repos\collections\src\index.js.map
C:\Users\micha\Source\Repos\collections\src\Exceptions.js
C:\Users\micha\Source\Repos\collections\src\Exceptions.js.map
C:\Users\micha\Source\Repos\collections\src\Collection.js
C:\Users\micha\Source\Repos\collections\src\Collection.js.map
C:\Users\micha\Source\Repos\collections\tests\Collection.spec.js
C:\Users\micha\Source\Repos\collections\tests\Collection.spec.js.map
C:\Users\micha\Source\Repos\collections\src\Enumerator.js
C:\Users\micha\Source\Repos\collections\src\Enumerator.js.map
C:\Users\micha\Source\Repos\collections\tests\Enumerator.spec.js
C:\Users\micha\Source\Repos\collections\tests\Enumerator.spec.js.map
C:\Users\micha\Source\Repos\collections\src\Utilities.js
C:\Users\micha\Source\Repos\collections\src\Utilities.js.map
C:\Users\micha\Source\Repos\collections\src\Comparer.js
C:\Users\micha\Source\Repos\collections\src\Comparer.js.map
C:\Users\micha\Source\Repos\collections\src\List.js
C:\Users\micha\Source\Repos\collections\src\List.js.map
C:\Users\micha\Source\Repos\collections\tests\List.spec.js
C:\Users\micha\Source\Repos\collections\tests\List.spec.js.map
C:\Users\micha\Source\Repos\collections\src\Queryable.js
C:\Users\micha\Source\Repos\collections\src\Queryable.js.map
C:\Users\micha\Source\Repos\collections\tests\Queryable.spec.js
C:\Users\micha\Source\Repos\collections\tests\Queryable.spec.js.map
C:\Users\micha\Source\Repos\collections\src\index.js
C:\Users\micha\Source\Repos\collections\src\index.js.map
C:\Users\micha\Source\Repos\collections\src\Exceptions.js
C:\Users\micha\Source\Repos\collections\src\Exceptions.js.map
C:\Users\micha\Source\Repos\collections\src\Collection.js
C:\Users\micha\Source\Repos\collections\src\Collection.js.map
C:\Users\micha\Source\Repos\collections\tests\Collection.spec.js
C:\Users\micha\Source\Repos\collections\tests\Collection.spec.js.map
C:\Users\micha\Source\Repos\collections\src\Enumerator.js
C:\Users\micha\Source\Repos\collections\src\Enumerator.js.map
C:\Users\micha\Source\Repos\collections\tests\Enumerator.spec.js
C:\Users\micha\Source\Repos\collections\tests\Enumerator.spec.js.map
C:\Users\micha\Source\Repos\collections\src\Utilities.js
C:\Users\micha\Source\Repos\collections\src\Utilities.js.map
C:\Users\micha\Source\Repos\collections\src\Comparer.js
C:\Users\micha\Source\Repos\collections\src\Comparer.js.map
C:\Users\micha\Source\Repos\collections\src\List.js
C:\Users\micha\Source\Repos\collections\src\List.js.map
C:\Users\micha\Source\Repos\collections\tests\List.spec.js
C:\Users\micha\Source\Repos\collections\tests\List.spec.js.map
C:\Users\micha\Source\Repos\collections\src\Queryable.js
C:\Users\micha\Source\Repos\collections\src\Queryable.js.map
C:\Users\micha\Source\Repos\collections\tests\Queryable.spec.js
C:\Users\micha\Source\Repos\collections\tests\Queryable.spec.js.map
C:\Users\micha\Source\Repos\collections\src\index.js
C:\Users\micha\Source\Repos\collections\src\index.js.map
C:\Users\micha\Source\Repos\collections\src\Exceptions.js
C:\Users\micha\Source\Repos\collections\src\Exceptions.js.map
C:\Users\micha\Source\Repos\collections\src\Collection.js
C:\Users\micha\Source\Repos\collections\src\Collection.js.map
C:\Users\micha\Source\Repos\collections\tests\Collection.spec.js
C:\Users\micha\Source\Repos\collections\tests\Collection.spec.js.map
C:\Users\micha\Source\Repos\collections\src\Enumerator.js
C:\Users\micha\Source\Repos\collections\src\Enumerator.js.map
C:\Users\micha\Source\Repos\collections\tests\Enumerator.spec.js
C:\Users\micha\Source\Repos\collections\tests\Enumerator.spec.js.map
C:\Users\micha\Source\Repos\collections\src\Utilities.js
C:\Users\micha\Source\Repos\collections\src\Utilities.js.map
C:\Users\micha\Source\Repos\collections\src\Comparer.js
C:\Users\micha\Source\Repos\collections\src\Comparer.js.map
C:\Users\micha\Source\Repos\collections\src\List.js
C:\Users\micha\Source\Repos\collections\src\List.js.map
C:\Users\micha\Source\Repos\collections\tests\List.spec.js
C:\Users\micha\Source\Repos\collections\tests\List.spec.js.map
C:\Users\micha\Source\Repos\collections\src\Queryable.js
C:\Users\micha\Source\Repos\collections\src\Queryable.js.map
C:\Users\micha\Source\Repos\collections\tests\Queryable.spec.js
C:\Users\micha\Source\Repos\collections\tests\Queryable.spec.js.map
C:\Users\micha\Source\Repos\collections\src\index.js
C:\Users\micha\Source\Repos\collections\src\index.js.map
